[15:13:03] [ServerMain/INFO]: Environment: Environment[sessionHost=https://sessionserver.mojang.com, servicesHost=https://api.minecraftservices.com, name=PROD]
[15:13:03] [ServerMain/INFO]: Found non-pack entry '.\world\datapacks\assets', ignoring
[15:13:03] [ServerMain/INFO]: Found non-pack entry '.\world\datapacks\pack.mcmeta', ignoring
[15:13:03] [ServerMain/INFO]: Found non-pack entry '.\world\datapacks\pack.png', ignoring
[15:13:04] [ServerMain/INFO]: Loaded 1370 recipes
[15:13:04] [ServerMain/INFO]: Loaded 1481 advancements
[15:13:04] [Server thread/INFO]: Starting minecraft server version 1.21.4
[15:13:04] [Server thread/INFO]: Loading properties
[15:13:04] [Server thread/INFO]: Default game type: SURVIVAL
[15:13:04] [Server thread/INFO]: Generating keypair
[15:13:05] [Server thread/INFO]: Starting Minecraft server on localhost:25565
[15:13:05] [Server thread/INFO]: Using default channel type
[15:13:05] [Server thread/WARN]: **** SERVER IS RUNNING IN OFFLINE/INSECURE MODE!
[15:13:05] [Server thread/WARN]: The server will make no attempt to authenticate usernames. Beware.
[15:13:05] [Server thread/WARN]: While this makes the game possible to play without internet access, it also opens up the ability for hackers to connect with any username they choose.
[15:13:05] [Server thread/WARN]: To change this, set "online-mode" to "true" in the server.properties file.
[15:13:05] [Server thread/INFO]: Preparing level "world"
[15:13:05] [Server thread/INFO]: Preparing start region for dimension minecraft:overworld
[15:13:06] [Worker-Main-2/INFO]: Preparing spawn area: 0%
[15:13:06] [Worker-Main-2/INFO]: Preparing spawn area: 0%
[15:13:06] [Server thread/INFO]: Time elapsed: 905 ms
[15:13:06] [Server thread/INFO]: Done (1.148s)! For help, type "help"
[15:14:06] [Server thread/INFO]: Server empty for 60 seconds, pausing
[16:47:57] [Server thread/INFO]: Gragas12[/127.119.44.29:54812] logged in with entity id 46 at (330.69999998807907, 57.0, 24.02175246370054)
[16:47:57] [Server thread/INFO]: Gragas12 joined the game
[17:02:57] [Server thread/INFO]: Gragas12 fell out of the world
[17:49:29] [Server thread/WARN]: Gragas12 moved too quickly! -1.437542609990544,-9.807248121678626,2.574810464061102
[17:50:42] [Server thread/WARN]: Mismatch in destroy block pos: ji{x=115, y=44, z=266} ji{x=114, y=45, z=266}
[17:51:41] [Server thread/INFO]: Gragas12 lost connection: Disconnected
[17:51:41] [Server thread/INFO]: Gragas12 left the game
[17:52:00] [Server thread/INFO]: Gragas12[/127.119.44.29:55101] logged in with entity id 14024 at (120.91434460580108, 43.24918707874468, 272.20373538058897)
[17:52:00] [Server thread/INFO]: Gragas12 joined the game
[17:54:41] [Server thread/INFO]: Gragas12 lost connection: Disconnected
[17:54:41] [Server thread/INFO]: Gragas12 left the game
[17:55:11] [Server thread/INFO]: Gragas12[/127.119.44.29:55114] logged in with entity id 15353 at (254.64621614427156, 64.0, 1847.4039061777721)
[17:55:11] [Server thread/INFO]: Gragas12 joined the game
[17:56:32] [Server thread/INFO]: Gragas12 lost connection: Disconnected
[17:56:32] [Server thread/INFO]: Gragas12 left the game
[17:56:43] [Server thread/INFO]: Gragas12[/127.119.44.29:55132] logged in with entity id 16010 at (174.74217341627485, 63.796735600668704, 1711.8172487290703)
[17:56:43] [Server thread/INFO]: Gragas12 joined the game
[17:57:10] [Server thread/WARN]: Mismatch in destroy block pos: ji{x=82, y=64, z=1708} ji{x=83, y=62, z=1708}
[18:05:36] [Server thread/WARN]: Mismatch in destroy block pos: ji{x=441, y=26, z=2028} ji{x=-56, y=75, z=-76}
[18:06:07] [Server thread/INFO]: Gragas12 has made the advancement [Remote Getaway]
[18:07:23] [Server thread/INFO]: Gragas12 has made the advancement [The City at the End of the Game]
[18:07:28] [Server thread/INFO]: Gragas12 has made the advancement [Local Brewery]
[18:08:05] [Server thread/INFO]: Gragas12 has reached the goal [Sky's the Limit]
[18:10:46] [Server thread/WARN]: Gragas12 moved wrongly!
[18:20:59] [Server thread/WARN]: Mismatch in destroy block pos: ji{x=-585, y=60, z=-844} ji{x=-637, y=57, z=-988}
[18:21:22] [Server thread/WARN]: Mismatch in destroy block pos: ji{x=-637, y=57, z=-988} ji{x=-640, y=57, z=-992}
[19:11:47] [Server thread/INFO]: Villager coj['Villager'/30108, l='ServerLevel[world]', x=590.64, y=98.00, z=1432.09] died, message: 'Villager hit the ground too hard while trying to escape Zombie'
[19:19:00] [Server thread/INFO]: Gragas12 lost connection: Disconnected
[19:19:00] [Server thread/INFO]: Gragas12 left the game
[19:20:00] [Server thread/INFO]: Server empty for 60 seconds, pausing
[19:52:33] [Server thread/INFO]: Gragas12[/127.119.44.29:55878] logged in with entity id 31810 at (444.75237584473814, 70.79673560066871, 1980.5025583766128)
[19:52:33] [Server thread/INFO]: Gragas12 joined the game
[19:57:01] [Server thread/WARN]: Gragas12 moved wrongly!
[21:36:52] [Server thread/INFO]: Gragas12 lost connection: Disconnected
[21:36:52] [Server thread/INFO]: Gragas12 left the game
[21:37:52] [Server thread/INFO]: Server empty for 60 seconds, pausing
[22:01:35] [Server thread/INFO]: Sane[/127.78.180.115:56498] logged in with entity id 45092 at (27.69999998807907, 114.0, 9.746404690741622)
[22:01:35] [Server thread/INFO]: Sane joined the game
[22:22:06] [Server thread/WARN]: Mismatch in destroy block pos: ji{x=28, y=130, z=5} ji{x=29, y=130, z=4}
[22:30:47] [Server thread/INFO]: Sane has made the advancement [Voluntary Exile]
[22:45:28] [Server thread/INFO]: Sane lost connection: Disconnected
[22:45:28] [Server thread/INFO]: Sane left the game
[22:46:28] [Server thread/INFO]: Server empty for 60 seconds, pausing
[22:47:40] [Server thread/INFO]: Gragas12[/127.119.44.29:56707] logged in with entity id 52739 at (465.69999998807907, 183.0, 2005.300000011921)
[22:47:40] [Server thread/INFO]: Gragas12 joined the game
